0 614
0 0.8103982829
1 0.0591554069
2 0.0220687561
3 0.0141601401
4 0.0095140036
5 0.0068666804
6 0.0052113218
7 0.0040902017
8 0.0032935526
9 0.0027089525
10 0.0022689871
11 0.0019308400
12 0.0016662834
13 0.0014561139
14 0.0012868993
15 0.0011490168
16 0.0010354328
17 0.0009409176
18 0.0008615255
19 0.0007942426
20 0.0007367407
21 0.0006872035
22 0.0006442015
23 0.0006066000
24 0.0005734925
25 0.0005441488
26 0.0005179777
27 0.0004944974
28 0.0004733126
29 0.0004540979
30 0.0004365835
31 0.0004205448
32 0.0004057933
33 0.0003921713
34 0.0003795448
35 0.0003678001
36 0.0003568407
37 0.0003465833
38 0.0003369564
39 0.0003278984
40 0.0003193554
41 0.0003112804
42 0.0003036328
43 0.0002963762
44 0.0002894786
45 0.0002829120
46 0.0002766507
47 0.0002706726
48 0.0002649576
49 0.0002594873
50 0.0002542452
51 0.0002492166
52 0.0002443880
53 0.0002397469
54 0.0002352824
55 0.0002309840
56 0.0002268421
57 0.0002228482
58 0.0002189942
59 0.0002152726
60 0.0002116765
61 0.0002081995
62 0.0002048357
63 0.0002015796
64 0.0001984259
65 0.0001953698
66 0.0001924068
67 0.0001895328
68 0.0001867436
69 0.0001840354
70 0.0001814048
71 0.0001788485
72 0.0001763637
73 0.0001739467
74 0.0001715953
75 0.0001693068
76 0.0001670784
77 0.0001649080
78 0.0001627934
79 0.0001607324
80 0.0001587227
81 0.0001567630
82 0.0001548508
83 0.0001529848
84 0.0001511634
85 0.0001493847
86 0.0001476474
87 0.0001459502
88 0.0001442914
89 0.0001426700
90 0.0001410845
91 0.0001395341
92 0.0001380172
93 0.0001365330
94 0.0001350804
95 0.0001336581
96 0.0001322657
97 0.0001309020
98 0.0001295661
99 0.0001282573
100 0.0001269745
101 0.0001257171
102 0.0001244844
103 0.0001232757
104 0.0001220903
105 0.0001209273
106 0.0001197864
107 0.0001186667
108 0.0001175679
109 0.0001164891
110 0.0001154300
111 0.0001143899
112 0.0001133685
113 0.0001123651
114 0.0001113793
115 0.0001104106
116 0.0001094587
117 0.0001085230
118 0.0001076032
119 0.0001066988
120 0.0001058095
121 0.0001049350
122 0.0001040747
123 0.0001032284
124 0.0001023959
125 0.0001015765
126 0.0001007702
127 0.0000999767
128 0.0000991954
129 0.0000984263
130 0.0000976691
131 0.0000969234
132 0.0000961891
133 0.0000954657
134 0.0000947532
135 0.0000940512
136 0.0000933595
137 0.0000926779
138 0.0000920062
139 0.0000913442
140 0.0000906916
141 0.0000900483
142 0.0000894140
143 0.0000887886
144 0.0000881719
145 0.0000875638
146 0.0000869639
147 0.0000863722
148 0.0000857885
149 0.0000852126
150 0.0000846444
151 0.0000840837
152 0.0000835304
153 0.0000829843
154 0.0000824454
155 0.0000819134
156 0.0000813882
157 0.0000808697
158 0.0000803577
159 0.0000798522
160 0.0000793531
161 0.0000788600
162 0.0000783732
163 0.0000778923
164 0.0000774172
165 0.0000769478
166 0.0000764842
167 0.0000760261
168 0.0000755735
169 0.0000751262
170 0.0000746842
171 0.0000742473
172 0.0000738156
173 0.0000733888
174 0.0000729669
175 0.0000725498
176 0.0000721375
177 0.0000717299
178 0.0000713267
179 0.0000709282
180 0.0000705340
181 0.0000701442
182 0.0000697588
183 0.0000693774
184 0.0000690003
185 0.0000686272
186 0.0000682581
187 0.0000678931
188 0.0000675318
189 0.0000671744
190 0.0000668208
191 0.0000664708
192 0.0000661245
193 0.0000657818
194 0.0000654426
195 0.0000651069
196 0.0000647746
197 0.0000644457
198 0.0000641201
199 0.0000637978
200 0.0000634788
201 0.0000631628
202 0.0000628501
203 0.0000625403
204 0.0000622337
205 0.0000619300
206 0.0000616293
207 0.0000613315
208 0.0000610365
209 0.0000607443
210 0.0000604550
211 0.0000601684
212 0.0000598845
213 0.0000596032
214 0.0000593246
215 0.0000590486
216 0.0000587752
217 0.0000585042
218 0.0000582357
219 0.0000579697
220 0.0000577061
221 0.0000574450
222 0.0000571861
223 0.0000569295
224 0.0000566753
225 0.0000564233
226 0.0000561736
227 0.0000559260
228 0.0000556807
229 0.0000554374
230 0.0000551963
231 0.0000549572
232 0.0000547202
233 0.0000544853
234 0.0000542524
235 0.0000540214
236 0.0000537924
237 0.0000535654
238 0.0000533402
239 0.0000531170
240 0.0000528955
241 0.0000526759
242 0.0000524582
243 0.0000522422
244 0.0000520280
245 0.0000518156
246 0.0000516049
247 0.0000513958
248 0.0000511885
249 0.0000509828
250 0.0000507788
251 0.0000505764
252 0.0000503756
253 0.0000501764
254 0.0000499788
255 0.0000497827
256 0.0000495882
257 0.0000493951
258 0.0000492036
259 0.0000490135
260 0.0000488249
261 0.0000486377
262 0.0000484520
263 0.0000482677
264 0.0000480848
265 0.0000479032
266 0.0000477230
267 0.0000475442
268 0.0000473667
269 0.0000471906
270 0.0000470157
271 0.0000468421
272 0.0000466698
273 0.0000464987
274 0.0000463290
275 0.0000461605
276 0.0000459931
277 0.0000458270
278 0.0000456620
279 0.0000454983
280 0.0000453357
281 0.0000451743
282 0.0000450140
283 0.0000448548
284 0.0000446968
285 0.0000445399
286 0.0000443841
287 0.0000442294
288 0.0000440757
289 0.0000439231
290 0.0000437715
291 0.0000436210
292 0.0000434716
293 0.0000433231
294 0.0000431757
295 0.0000430292
296 0.0000428837
297 0.0000427393
298 0.0000425958
299 0.0000424532
300 0.0000423116
301 0.0000421709
302 0.0000420312
303 0.0000418924
304 0.0000417546
305 0.0000416175
306 0.0000414815
307 0.0000413462
308 0.0000412119
309 0.0000410785
310 0.0000409458
311 0.0000408141
312 0.0000406832
313 0.0000405531
314 0.0000404239
315 0.0000402955
316 0.0000401678
317 0.0000400410
318 0.0000399151
319 0.0000397899
320 0.0000396654
321 0.0000395418
322 0.0000394189
323 0.0000392968
324 0.0000391754
325 0.0000390547
326 0.0000389349
327 0.0000388157
328 0.0000386973
329 0.0000385795
330 0.0000384626
331 0.0000383463
332 0.0000382307
333 0.0000381158
334 0.0000380016
335 0.0000378880
336 0.0000377752
337 0.0000376630
338 0.0000375515
339 0.0000374407
340 0.0000373304
341 0.0000372209
342 0.0000371119
343 0.0000370037
344 0.0000368960
345 0.0000367890
346 0.0000366825
347 0.0000365768
348 0.0000364715
349 0.0000363670
350 0.0000362630
351 0.0000361595
352 0.0000360567
353 0.0000359545
354 0.0000358529
355 0.0000357518
356 0.0000356513
357 0.0000355513
358 0.0000354519
359 0.0000353530
360 0.0000352548
361 0.0000351570
362 0.0000350598
363 0.0000349631
364 0.0000348670
365 0.0000347714
366 0.0000346763
367 0.0000345817
368 0.0000344876
369 0.0000343941
370 0.0000343010
371 0.0000342085
372 0.0000341164
373 0.0000340249
374 0.0000339338
375 0.0000338432
376 0.0000337531
377 0.0000336635
378 0.0000335744
379 0.0000334857
380 0.0000333975
381 0.0000333097
382 0.0000332224
383 0.0000331356
384 0.0000330492
385 0.0000329633
386 0.0000328778
387 0.0000327927
388 0.0000327081
389 0.0000326240
390 0.0000325402
391 0.0000324569
392 0.0000323740
393 0.0000322915
394 0.0000322095
395 0.0000321278
396 0.0000320466
397 0.0000319658
398 0.0000318854
399 0.0000318054
400 0.0000317258
401 0.0000316465
402 0.0000315677
403 0.0000314893
404 0.0000314113
405 0.0000313336
406 0.0000312564
407 0.0000311795
408 0.0000311030
409 0.0000310268
410 0.0000309510
411 0.0000308756
412 0.0000308006
413 0.0000307259
414 0.0000306516
415 0.0000305776
416 0.0000305040
417 0.0000304308
418 0.0000303579
419 0.0000302853
420 0.0000302132
421 0.0000301413
422 0.0000300697
423 0.0000299985
424 0.0000299277
425 0.0000298572
426 0.0000297870
427 0.0000297171
428 0.0000296476
429 0.0000295784
430 0.0000295095
431 0.0000294409
432 0.0000293727
433 0.0000293047
434 0.0000292371
435 0.0000291698
436 0.0000291028
437 0.0000290361
438 0.0000289698
439 0.0000289037
440 0.0000288378
441 0.0000287724
442 0.0000287071
443 0.0000286423
444 0.0000285776
445 0.0000285133
446 0.0000284493
447 0.0000283855
448 0.0000283221
449 0.0000282589
450 0.0000281960
451 0.0000281333
452 0.0000280710
453 0.0000280090
454 0.0000279471
455 0.0000278856
456 0.0000278243
457 0.0000277634
458 0.0000277026
459 0.0000276422
460 0.0000275820
461 0.0000275220
462 0.0000274623
463 0.0000274029
464 0.0000273438
465 0.0000272849
466 0.0000272262
467 0.0000271678
468 0.0000271096
469 0.0000270517
470 0.0000269941
471 0.0000269366
472 0.0000268795
473 0.0000268225
474 0.0000267658
475 0.0000267094
476 0.0000266531
477 0.0000265971
478 0.0000265414
479 0.0000264859
480 0.0000264306
481 0.0000263755
482 0.0000263207
483 0.0000262661
484 0.0000262117
485 0.0000261575
486 0.0000261036
487 0.0000260499
488 0.0000259964
489 0.0000259431
490 0.0000258901
491 0.0000258372
492 0.0000257846
493 0.0000257321
494 0.0000256800
495 0.0000256279
496 0.0000255762
497 0.0000255246
498 0.0000254732
499 0.0000254220
500 0.0000253711
501 0.0000253203
502 0.0000252698
503 0.0000252194
504 0.0000251693
505 0.0000251193
506 0.0000250695
507 0.0000250200
508 0.0000249706
509 0.0000249214
510 0.0000248724
511 0.0000248236
512 0.0000247750
513 0.0000247266
514 0.0000246784
515 0.0000246303
516 0.0000245825
517 0.0000245348
518 0.0000244873
519 0.0000244400
520 0.0000243929
521 0.0000243459
522 0.0000242991
523 0.0000242525
524 0.0000242061
525 0.0000241599
526 0.0000241139
527 0.0000240680
528 0.0000240223
529 0.0000239767
530 0.0000239313
531 0.0000238861
532 0.0000238411
533 0.0000237963
534 0.0000237516
535 0.0000237070
536 0.0000236627
537 0.0000236185
538 0.0000235744
539 0.0000235306
540 0.0000234869
541 0.0000234433
542 0.0000233999
543 0.0000233567
544 0.0000233136
545 0.0000232707
546 0.0000232279
547 0.0000231853
548 0.0000231429
549 0.0000231006
550 0.0000230584
551 0.0000230164
552 0.0000229746
553 0.0000229330
554 0.0000228914
555 0.0000228500
556 0.0000228088
557 0.0000227677
558 0.0000227267
559 0.0000226859
560 0.0000226453
561 0.0000226048
562 0.0000225644
563 0.0000225241
564 0.0000224841
565 0.0000224441
566 0.0000224043
567 0.0000223646
568 0.0000223251
569 0.0000222858
570 0.0000222465
571 0.0000222073
572 0.0000221684
573 0.0000221296
574 0.0000220908
575 0.0000220523
576 0.0000220138
577 0.0000219755
578 0.0000219373
579 0.0000218993
580 0.0000218614
581 0.0000218236
582 0.0000217859
583 0.0000217484
584 0.0000217110
585 0.0000216737
586 0.0000216365
587 0.0000215995
588 0.0000215626
589 0.0000215259
590 0.0000214892
591 0.0000214527
592 0.0000214163
593 0.0000213800
594 0.0000213438
595 0.0000213078
596 0.0000212718
597 0.0000212361
598 0.0000212004
599 0.0000211648
600 0.0000211293
601 0.0000210940
602 0.0000210588
603 0.0000210237
604 0.0000209887
605 0.0000209538
606 0.0000209191
607 0.0000208845
608 0.0000208499
609 0.0000208155
610 0.0000207811
611 0.0000207470
612 0.0000207129
613 0.0000206789
614 0.0000206450
