1 614
0 0.9760425200
1 0.0126795983
2 0.0027900533
3 0.0015928648
4 0.0009932862
5 0.0006837070
6 0.0005026162
7 0.0003857534
8 0.0003056305
9 0.0002483723
10 0.0002061143
11 0.0001740938
12 0.0001492912
13 0.0001297176
14 0.0001140197
15 0.0001012506
16 0.0000907319
17 0.0000819677
18 0.0000745891
19 0.0000683178
20 0.0000629405
21 0.0000582920
22 0.0000542432
23 0.0000506917
24 0.0000475559
25 0.0000447701
26 0.0000422809
27 0.0000400450
28 0.0000380264
29 0.0000361956
30 0.0000345277
31 0.0000330022
32 0.0000316015
33 0.0000303110
34 0.0000291180
35 0.0000280118
36 0.0000269831
37 0.0000260240
38 0.0000251275
39 0.0000242876
40 0.0000234990
41 0.0000227571
42 0.0000220578
43 0.0000213974
44 0.0000207729
45 0.0000201812
46 0.0000196199
47 0.0000190866
48 0.0000185794
49 0.0000180963
50 0.0000176356
51 0.0000171959
52 0.0000167757
53 0.0000163738
54 0.0000159890
55 0.0000156203
56 0.0000152667
57 0.0000149272
58 0.0000146011
59 0.0000142877
60 0.0000139861
61 0.0000136958
62 0.0000134162
63 0.0000131466
64 0.0000128866
65 0.0000126357
66 0.0000123934
67 0.0000121594
68 0.0000119331
69 0.0000117142
70 0.0000115025
71 0.0000112975
72 0.0000110989
73 0.0000109065
74 0.0000107200
75 0.0000105391
76 0.0000103636
77 0.0000101933
78 0.0000100279
79 0.0000098673
80 0.0000097111
81 0.0000095594
82 0.0000094118
83 0.0000092683
84 0.0000091286
85 0.0000089927
86 0.0000088603
87 0.0000087314
88 0.0000086057
89 0.0000084833
90 0.0000083640
91 0.0000082476
92 0.0000081341
93 0.0000080233
94 0.0000079152
95 0.0000078097
96 0.0000077067
97 0.0000076061
98 0.0000075078
99 0.0000074117
100 0.0000073179
101 0.0000072261
102 0.0000071364
103 0.0000070486
104 0.0000069628
105 0.0000068788
106 0.0000067965
107 0.0000067161
108 0.0000066373
109 0.0000065602
110 0.0000064846
111 0.0000064106
112 0.0000063381
113 0.0000062670
114 0.0000061974
115 0.0000061291
116 0.0000060622
117 0.0000059965
118 0.0000059321
119 0.0000058690
120 0.0000058070
121 0.0000057462
122 0.0000056865
123 0.0000056279
124 0.0000055704
125 0.0000055139
126 0.0000054585
127 0.0000054040
128 0.0000053505
129 0.0000052980
130 0.0000052463
131 0.0000051956
132 0.0000051457
133 0.0000050966
134 0.0000050484
135 0.0000050011
136 0.0000049545
137 0.0000049086
138 0.0000048635
139 0.0000048192
140 0.0000047756
141 0.0000047326
142 0.0000046904
143 0.0000046488
144 0.0000046079
145 0.0000045676
146 0.0000045280
147 0.0000044889
148 0.0000044505
149 0.0000044126
150 0.0000043754
151 0.0000043386
152 0.0000043025
153 0.0000042668
154 0.0000042317
155 0.0000041971
156 0.0000041630
157 0.0000041294
158 0.0000040962
159 0.0000040636
160 0.0000040314
161 0.0000039997
162 0.0000039684
163 0.0000039375
164 0.0000039071
165 0.0000038771
166 0.0000038474
167 0.0000038182
168 0.0000037894
169 0.0000037610
170 0.0000037330
171 0.0000037053
172 0.0000036780
173 0.0000036510
174 0.0000036244
175 0.0000035982
176 0.0000035723
177 0.0000035467
178 0.0000035214
179 0.0000034965
180 0.0000034719
181 0.0000034475
182 0.0000034235
183 0.0000033998
184 0.0000033764
185 0.0000033533
186 0.0000033304
187 0.0000033078
188 0.0000032855
189 0.0000032635
190 0.0000032417
191 0.0000032202
192 0.0000031989
193 0.0000031779
194 0.0000031571
195 0.0000031366
196 0.0000031163
197 0.0000030963
198 0.0000030764
199 0.0000030568
200 0.0000030375
201 0.0000030183
202 0.0000029994
203 0.0000029806
204 0.0000029621
205 0.0000029438
206 0.0000029257
207 0.0000029078
208 0.0000028900
209 0.0000028725
210 0.0000028552
211 0.0000028380
212 0.0000028210
213 0.0000028042
214 0.0000027876
215 0.0000027712
216 0.0000027549
217 0.0000027388
218 0.0000027229
219 0.0000027071
220 0.0000026915
221 0.0000026761
222 0.0000026608
223 0.0000026457
224 0.0000026307
225 0.0000026159
226 0.0000026012
227 0.0000025867
228 0.0000025723
229 0.0000025580
230 0.0000025439
231 0.0000025300
232 0.0000025161
233 0.0000025024
234 0.0000024889
235 0.0000024754
236 0.0000024621
237 0.0000024490
238 0.0000024359
239 0.0000024230
240 0.0000024102
241 0.0000023975
242 0.0000023849
243 0.0000023725
244 0.0000023602
245 0.0000023480
246 0.0000023358
247 0.0000023239
248 0.0000023120
249 0.0000023002
250 0.0000022885
251 0.0000022770
252 0.0000022655
253 0.0000022541
254 0.0000022429
255 0.0000022317
256 0.0000022207
257 0.0000022097
258 0.0000021989
259 0.0000021881
260 0.0000021774
261 0.0000021668
262 0.0000021563
263 0.0000021459
264 0.0000021356
265 0.0000021254
266 0.0000021153
267 0.0000021052
268 0.0000020953
269 0.0000020854
270 0.0000020756
271 0.0000020659
272 0.0000020562
273 0.0000020467
274 0.0000020372
275 0.0000020278
276 0.0000020185
277 0.0000020092
278 0.0000020001
279 0.0000019910
280 0.0000019820
281 0.0000019730
282 0.0000019641
283 0.0000019553
284 0.0000019466
285 0.0000019379
286 0.0000019293
287 0.0000019208
288 0.0000019123
289 0.0000019040
290 0.0000018956
291 0.0000018874
292 0.0000018792
293 0.0000018710
294 0.0000018629
295 0.0000018549
296 0.0000018470
297 0.0000018391
298 0.0000018313
299 0.0000018235
300 0.0000018158
301 0.0000018081
302 0.0000018005
303 0.0000017930
304 0.0000017855
305 0.0000017781
306 0.0000017707
307 0.0000017634
308 0.0000017561
309 0.0000017489
310 0.0000017417
311 0.0000017346
312 0.0000017276
313 0.0000017206
314 0.0000017136
315 0.0000017067
316 0.0000016998
317 0.0000016930
318 0.0000016863
319 0.0000016796
320 0.0000016729
321 0.0000016663
322 0.0000016597
323 0.0000016532
324 0.0000016467
325 0.0000016403
326 0.0000016339
327 0.0000016276
328 0.0000016213
329 0.0000016150
330 0.0000016088
331 0.0000016026
332 0.0000015965
333 0.0000015904
334 0.0000015844
335 0.0000015784
336 0.0000015724
337 0.0000015665
338 0.0000015606
339 0.0000015547
340 0.0000015489
341 0.0000015432
342 0.0000015374
343 0.0000015317
344 0.0000015261
345 0.0000015205
346 0.0000015149
347 0.0000015093
348 0.0000015038
349 0.0000014984
350 0.0000014929
351 0.0000014875
352 0.0000014821
353 0.0000014768
354 0.0000014715
355 0.0000014662
356 0.0000014610
357 0.0000014558
358 0.0000014506
359 0.0000014455
360 0.0000014404
361 0.0000014353
362 0.0000014303
363 0.0000014253
364 0.0000014203
365 0.0000014154
366 0.0000014105
367 0.0000014056
368 0.0000014007
369 0.0000013959
370 0.0000013911
371 0.0000013863
372 0.0000013816
373 0.0000013769
374 0.0000013722
375 0.0000013676
376 0.0000013629
377 0.0000013583
378 0.0000013538
379 0.0000013492
380 0.0000013447
381 0.0000013402
382 0.0000013358
383 0.0000013313
384 0.0000013269
385 0.0000013225
386 0.0000013182
387 0.0000013139
388 0.0000013095
389 0.0000013053
390 0.0000013010
391 0.0000012968
392 0.0000012926
393 0.0000012884
394 0.0000012842
395 0.0000012801
396 0.0000012760
397 0.0000012719
398 0.0000012678
399 0.0000012638
400 0.0000012598
401 0.0000012558
402 0.0000012518
403 0.0000012478
404 0.0000012439
405 0.0000012400
406 0.0000012361
407 0.0000012322
408 0.0000012284
409 0.0000012246
410 0.0000012208
411 0.0000012170
412 0.0000012132
413 0.0000012095
414 0.0000012058
415 0.0000012021
416 0.0000011984
417 0.0000011947
418 0.0000011911
419 0.0000011875
420 0.0000011839
421 0.0000011803
422 0.0000011767
423 0.0000011732
424 0.0000011696
425 0.0000011661
426 0.0000011626
427 0.0000011592
428 0.0000011557
429 0.0000011523
430 0.0000011489
431 0.0000011455
432 0.0000011421
433 0.0000011387
434 0.0000011354
435 0.0000011321
436 0.0000011287
437 0.0000011255
438 0.0000011222
439 0.0000011189
440 0.0000011157
441 0.0000011124
442 0.0000011092
443 0.0000011060
444 0.0000011029
445 0.0000010997
446 0.0000010965
447 0.0000010934
448 0.0000010903
449 0.0000010872
450 0.0000010841
451 0.0000010810
452 0.0000010780
453 0.0000010749
454 0.0000010719
455 0.0000010689
456 0.0000010659
457 0.0000010629
458 0.0000010600
459 0.0000010570
460 0.0000010541
461 0.0000010512
462 0.0000010482
463 0.0000010453
464 0.0000010425
465 0.0000010396
466 0.0000010367
467 0.0000010339
468 0.0000010311
469 0.0000010283
470 0.0000010255
471 0.0000010227
472 0.0000010199
473 0.0000010171
474 0.0000010144
475 0.0000010117
476 0.0000010089
477 0.0000010062
478 0.0000010035
479 0.0000010008
480 0.0000009982
481 0.0000009955
482 0.0000009928
483 0.0000009902
484 0.0000009876
485 0.0000009850
486 0.0000009824
487 0.0000009798
488 0.0000009772
489 0.0000009746
490 0.0000009721
491 0.0000009695
492 0.0000009670
493 0.0000009645
494 0.0000009620
495 0.0000009595
496 0.0000009570
497 0.0000009545
498 0.0000009520
499 0.0000009496
500 0.0000009471
501 0.0000009447
502 0.0000009423
503 0.0000009398
504 0.0000009374
505 0.0000009350
506 0.0000009326
507 0.0000009303
508 0.0000009279
509 0.0000009255
510 0.0000009232
511 0.0000009209
512 0.0000009185
513 0.0000009162
514 0.0000009139
515 0.0000009116
516 0.0000009093
517 0.0000009070
518 0.0000009048
519 0.0000009025
520 0.0000009002
521 0.0000008980
522 0.0000008958
523 0.0000008935
524 0.0000008913
525 0.0000008891
526 0.0000008869
527 0.0000008847
528 0.0000008825
529 0.0000008803
530 0.0000008782
531 0.0000008760
532 0.0000008738
533 0.0000008717
534 0.0000008695
535 0.0000008674
536 0.0000008653
537 0.0000008632
538 0.0000008610
539 0.0000008589
540 0.0000008568
541 0.0000008547
542 0.0000008527
543 0.0000008506
544 0.0000008485
545 0.0000008464
546 0.0000008444
547 0.0000008423
548 0.0000008403
549 0.0000008382
550 0.0000008362
551 0.0000008342
552 0.0000008321
553 0.0000008301
554 0.0000008281
555 0.0000008261
556 0.0000008241
557 0.0000008220
558 0.0000008200
559 0.0000008180
560 0.0000008160
561 0.0000008140
562 0.0000008121
563 0.0000008101
564 0.0000008081
565 0.0000008061
566 0.0000008041
567 0.0000008021
568 0.0000008001
569 0.0000007981
570 0.0000007962
571 0.0000007942
572 0.0000007922
573 0.0000007902
574 0.0000007882
575 0.0000007862
576 0.0000007842
577 0.0000007822
578 0.0000007801
579 0.0000007781
580 0.0000007761
581 0.0000007740
582 0.0000007720
583 0.0000007699
584 0.0000007678
585 0.0000007657
586 0.0000007636
587 0.0000007614
588 0.0000007592
589 0.0000007570
590 0.0000007548
591 0.0000007525
592 0.0000007502
593 0.0000007478
594 0.0000007454
595 0.0000007430
596 0.0000007404
597 0.0000007378
598 0.0000007351
599 0.0000007323
600 0.0000007294
601 0.0000007264
602 0.0000007232
603 0.0000007198
604 0.0000007161
605 0.0000007121
606 0.0000007078
607 0.0000007029
608 0.0000006972
609 0.0000006902
610 0.0000006813
611 0.0000006688
612 0.0000006459
613 0.0000005739
614 0.0000000000
